2025-10-26T16:42:49: node:internal/modules/cjs/loader:1210
2025-10-26T16:42:49:   throw err;
2025-10-26T16:42:49:   ^
2025-10-26T16:42:49: 
2025-10-26T16:42:49: Error: Cannot find module '/home/tutorbuddy/htdocs/tutorbuddy.co/aitutor/.next/standalone/server.js'
2025-10-26T16:42:49:     at Module._resolveFilename (node:internal/modules/cjs/loader:1207:15)
2025-10-26T16:42:49:     at Module._load (node:internal/modules/cjs/loader:1038:27)
2025-10-26T16:42:49:     at Function.executeUserEntryPoint [as runMain] (node:internal/modules/run_main:164:12)
2025-10-26T16:42:49:     at node:internal/main/run_main_module:28:49 {
2025-10-26T16:42:49:   code: 'MODULE_NOT_FOUND',
2025-10-26T16:42:49:   requireStack: []
2025-10-26T16:42:49: }
2025-10-26T16:42:49: 
2025-10-26T16:42:49: Node.js v20.19.5
2025-10-26T16:42:49: node:internal/modules/cjs/loader:1210
2025-10-26T16:42:49:   throw err;
2025-10-26T16:42:49:   ^
2025-10-26T16:42:49: 
2025-10-26T16:42:49: Error: Cannot find module '/home/tutorbuddy/htdocs/tutorbuddy.co/aitutor/.next/standalone/server.js'
2025-10-26T16:42:49:     at Module._resolveFilename (node:internal/modules/cjs/loader:1207:15)
2025-10-26T16:42:49:     at Module._load (node:internal/modules/cjs/loader:1038:27)
2025-10-26T16:42:49:     at Function.executeUserEntryPoint [as runMain] (node:internal/modules/run_main:164:12)
2025-10-26T16:42:49:     at node:internal/main/run_main_module:28:49 {
2025-10-26T16:42:49:   code: 'MODULE_NOT_FOUND',
2025-10-26T16:42:49:   requireStack: []
2025-10-26T16:42:49: }
2025-10-26T16:42:49: 
2025-10-26T16:42:49: Node.js v20.19.5
2025-10-26T16:42:49: node:internal/modules/cjs/loader:1210
2025-10-26T16:42:49:   throw err;
2025-10-26T16:42:49:   ^
2025-10-26T16:42:49: 
2025-10-26T16:42:49: Error: Cannot find module '/home/tutorbuddy/htdocs/tutorbuddy.co/aitutor/.next/standalone/server.js'
2025-10-26T16:42:49:     at Module._resolveFilename (node:internal/modules/cjs/loader:1207:15)
2025-10-26T16:42:49:     at Module._load (node:internal/modules/cjs/loader:1038:27)
2025-10-26T16:42:49:     at Function.executeUserEntryPoint [as runMain] (node:internal/modules/run_main:164:12)
2025-10-26T16:42:49:     at node:internal/main/run_main_module:28:49 {
2025-10-26T16:42:49:   code: 'MODULE_NOT_FOUND',
2025-10-26T16:42:49:   requireStack: []
2025-10-26T16:42:49: }
2025-10-26T16:42:49: 
2025-10-26T16:42:49: Node.js v20.19.5
2025-10-26T16:42:49: node:internal/modules/cjs/loader:1210
2025-10-26T16:42:49:   throw err;
2025-10-26T16:42:49:   ^
2025-10-26T16:42:49: 
2025-10-26T16:42:49: Error: Cannot find module '/home/tutorbuddy/htdocs/tutorbuddy.co/aitutor/.next/standalone/server.js'
2025-10-26T16:42:49:     at Module._resolveFilename (node:internal/modules/cjs/loader:1207:15)
2025-10-26T16:42:49:     at Module._load (node:internal/modules/cjs/loader:1038:27)
2025-10-26T16:42:49:     at Function.executeUserEntryPoint [as runMain] (node:internal/modules/run_main:164:12)
2025-10-26T16:42:49:     at node:internal/main/run_main_module:28:49 {
2025-10-26T16:42:49:   code: 'MODULE_NOT_FOUND',
2025-10-26T16:42:49:   requireStack: []
2025-10-26T16:42:49: }
2025-10-26T16:42:49: 
2025-10-26T16:42:49: Node.js v20.19.5
2025-10-26T16:42:49: node:internal/modules/cjs/loader:1210
2025-10-26T16:42:49:   throw err;
2025-10-26T16:42:49:   ^
2025-10-26T16:42:49: 
2025-10-26T16:42:49: Error: Cannot find module '/home/tutorbuddy/htdocs/tutorbuddy.co/aitutor/.next/standalone/server.js'
2025-10-26T16:42:49:     at Module._resolveFilename (node:internal/modules/cjs/loader:1207:15)
2025-10-26T16:42:49:     at Module._load (node:internal/modules/cjs/loader:1038:27)
2025-10-26T16:42:49:     at Function.executeUserEntryPoint [as runMain] (node:internal/modules/run_main:164:12)
2025-10-26T16:42:49:     at node:internal/main/run_main_module:28:49 {
2025-10-26T16:42:49:   code: 'MODULE_NOT_FOUND',
2025-10-26T16:42:49:   requireStack: []
2025-10-26T16:42:49: }
2025-10-26T16:42:49: 
2025-10-26T16:42:49: Node.js v20.19.5
2025-10-26T16:42:49: node:internal/modules/cjs/loader:1210
2025-10-26T16:42:49:   throw err;
2025-10-26T16:42:49:   ^
2025-10-26T16:42:49: 
2025-10-26T16:42:49: Error: Cannot find module '/home/tutorbuddy/htdocs/tutorbuddy.co/aitutor/.next/standalone/server.js'
2025-10-26T16:42:49:     at Module._resolveFilename (node:internal/modules/cjs/loader:1207:15)
2025-10-26T16:42:49:     at Module._load (node:internal/modules/cjs/loader:1038:27)
2025-10-26T16:42:49:     at Function.executeUserEntryPoint [as runMain] (node:internal/modules/run_main:164:12)
2025-10-26T16:42:49:     at node:internal/main/run_main_module:28:49 {
2025-10-26T16:42:49:   code: 'MODULE_NOT_FOUND',
2025-10-26T16:42:49:   requireStack: []
2025-10-26T16:42:49: }
2025-10-26T16:42:49: 
2025-10-26T16:42:49: Node.js v20.19.5
2025-10-26T16:42:49: node:internal/modules/cjs/loader:1210
2025-10-26T16:42:49:   throw err;
2025-10-26T16:42:49:   ^
2025-10-26T16:42:49: 
2025-10-26T16:42:49: Error: Cannot find module '/home/tutorbuddy/htdocs/tutorbuddy.co/aitutor/.next/standalone/server.js'
2025-10-26T16:42:49:     at Module._resolveFilename (node:internal/modules/cjs/loader:1207:15)
2025-10-26T16:42:49:     at Module._load (node:internal/modules/cjs/loader:1038:27)
2025-10-26T16:42:49:     at Function.executeUserEntryPoint [as runMain] (node:internal/modules/run_main:164:12)
2025-10-26T16:42:49:     at node:internal/main/run_main_module:28:49 {
2025-10-26T16:42:49:   code: 'MODULE_NOT_FOUND',
2025-10-26T16:42:49:   requireStack: []
2025-10-26T16:42:49: }
2025-10-26T16:42:49: 
2025-10-26T16:42:49: Node.js v20.19.5
2025-10-26T16:42:49: node:internal/modules/cjs/loader:1210
2025-10-26T16:42:49:   throw err;
2025-10-26T16:42:49:   ^
2025-10-26T16:42:49: 
2025-10-26T16:42:49: Error: Cannot find module '/home/tutorbuddy/htdocs/tutorbuddy.co/aitutor/.next/standalone/server.js'
2025-10-26T16:42:49:     at Module._resolveFilename (node:internal/modules/cjs/loader:1207:15)
2025-10-26T16:42:49:     at Module._load (node:internal/modules/cjs/loader:1038:27)
2025-10-26T16:42:49:     at Function.executeUserEntryPoint [as runMain] (node:internal/modules/run_main:164:12)
2025-10-26T16:42:49:     at node:internal/main/run_main_module:28:49 {
2025-10-26T16:42:49:   code: 'MODULE_NOT_FOUND',
2025-10-26T16:42:49:   requireStack: []
2025-10-26T16:42:49: }
2025-10-26T16:42:49: 
2025-10-26T16:42:49: Node.js v20.19.5
2025-10-26T16:42:49: node:internal/modules/cjs/loader:1210
2025-10-26T16:42:49:   throw err;
2025-10-26T16:42:49:   ^
2025-10-26T16:42:49: 
2025-10-26T16:42:49: Error: Cannot find module '/home/tutorbuddy/htdocs/tutorbuddy.co/aitutor/.next/standalone/server.js'
2025-10-26T16:42:49:     at Module._resolveFilename (node:internal/modules/cjs/loader:1207:15)
2025-10-26T16:42:49:     at Module._load (node:internal/modules/cjs/loader:1038:27)
2025-10-26T16:42:49:     at Function.executeUserEntryPoint [as runMain] (node:internal/modules/run_main:164:12)
2025-10-26T16:42:49:     at node:internal/main/run_main_module:28:49 {
2025-10-26T16:42:49:   code: 'MODULE_NOT_FOUND',
2025-10-26T16:42:49:   requireStack: []
2025-10-26T16:42:49: }
2025-10-26T16:42:49: 
2025-10-26T16:42:49: Node.js v20.19.5
2025-10-26T16:42:49: node:internal/modules/cjs/loader:1210
2025-10-26T16:42:49:   throw err;
2025-10-26T16:42:49:   ^
2025-10-26T16:42:49: 
2025-10-26T16:42:49: Error: Cannot find module '/home/tutorbuddy/htdocs/tutorbuddy.co/aitutor/.next/standalone/server.js'
2025-10-26T16:42:49:     at Module._resolveFilename (node:internal/modules/cjs/loader:1207:15)
2025-10-26T16:42:49:     at Module._load (node:internal/modules/cjs/loader:1038:27)
2025-10-26T16:42:49:     at Function.executeUserEntryPoint [as runMain] (node:internal/modules/run_main:164:12)
2025-10-26T16:42:49:     at node:internal/main/run_main_module:28:49 {
2025-10-26T16:42:49:   code: 'MODULE_NOT_FOUND',
2025-10-26T16:42:49:   requireStack: []
2025-10-26T16:42:49: }
2025-10-26T16:42:49: 
2025-10-26T16:42:49: Node.js v20.19.5
2025-10-26T16:42:49: node:internal/modules/cjs/loader:1210
2025-10-26T16:42:49:   throw err;
2025-10-26T16:42:49:   ^
2025-10-26T16:42:49: 
2025-10-26T16:42:49: Error: Cannot find module '/home/tutorbuddy/htdocs/tutorbuddy.co/aitutor/.next/standalone/server.js'
2025-10-26T16:42:49:     at Module._resolveFilename (node:internal/modules/cjs/loader:1207:15)
2025-10-26T16:42:49:     at Module._load (node:internal/modules/cjs/loader:1038:27)
2025-10-26T16:42:49:     at Function.executeUserEntryPoint [as runMain] (node:internal/modules/run_main:164:12)
2025-10-26T16:42:49:     at node:internal/main/run_main_module:28:49 {
2025-10-26T16:42:49:   code: 'MODULE_NOT_FOUND',
2025-10-26T16:42:49:   requireStack: []
2025-10-26T16:42:49: }
2025-10-26T16:42:49: 
2025-10-26T16:42:49: Node.js v20.19.5
2025-10-26T16:42:49: node:internal/modules/cjs/loader:1210
2025-10-26T16:42:49:   throw err;
2025-10-26T16:42:49:   ^
2025-10-26T16:42:49: 
2025-10-26T16:42:49: Error: Cannot find module '/home/tutorbuddy/htdocs/tutorbuddy.co/aitutor/.next/standalone/server.js'
2025-10-26T16:42:49:     at Module._resolveFilename (node:internal/modules/cjs/loader:1207:15)
2025-10-26T16:42:49:     at Module._load (node:internal/modules/cjs/loader:1038:27)
2025-10-26T16:42:49:     at Function.executeUserEntryPoint [as runMain] (node:internal/modules/run_main:164:12)
2025-10-26T16:42:49:     at node:internal/main/run_main_module:28:49 {
2025-10-26T16:42:49:   code: 'MODULE_NOT_FOUND',
2025-10-26T16:42:49:   requireStack: []
2025-10-26T16:42:49: }
2025-10-26T16:42:49: 
2025-10-26T16:42:49: Node.js v20.19.5
2025-10-26T16:42:49: node:internal/modules/cjs/loader:1210
2025-10-26T16:42:49:   throw err;
2025-10-26T16:42:49:   ^
2025-10-26T16:42:49: 
2025-10-26T16:42:49: Error: Cannot find module '/home/tutorbuddy/htdocs/tutorbuddy.co/aitutor/.next/standalone/server.js'
2025-10-26T16:42:49:     at Module._resolveFilename (node:internal/modules/cjs/loader:1207:15)
2025-10-26T16:42:49:     at Module._load (node:internal/modules/cjs/loader:1038:27)
2025-10-26T16:42:49:     at Function.executeUserEntryPoint [as runMain] (node:internal/modules/run_main:164:12)
2025-10-26T16:42:49:     at node:internal/main/run_main_module:28:49 {
2025-10-26T16:42:49:   code: 'MODULE_NOT_FOUND',
2025-10-26T16:42:49:   requireStack: []
2025-10-26T16:42:49: }
2025-10-26T16:42:49: 
2025-10-26T16:42:49: Node.js v20.19.5
2025-10-26T16:42:50: node:internal/modules/cjs/loader:1210
2025-10-26T16:42:50:   throw err;
2025-10-26T16:42:50:   ^
2025-10-26T16:42:50: 
2025-10-26T16:42:50: Error: Cannot find module '/home/tutorbuddy/htdocs/tutorbuddy.co/aitutor/.next/standalone/server.js'
2025-10-26T16:42:50:     at Module._resolveFilename (node:internal/modules/cjs/loader:1207:15)
2025-10-26T16:42:50:     at Module._load (node:internal/modules/cjs/loader:1038:27)
2025-10-26T16:42:50:     at Function.executeUserEntryPoint [as runMain] (node:internal/modules/run_main:164:12)
2025-10-26T16:42:50:     at node:internal/main/run_main_module:28:49 {
2025-10-26T16:42:50:   code: 'MODULE_NOT_FOUND',
2025-10-26T16:42:50:   requireStack: []
2025-10-26T16:42:50: }
2025-10-26T16:42:50: 
2025-10-26T16:42:50: Node.js v20.19.5
2025-10-26T16:42:50: node:internal/modules/cjs/loader:1210
2025-10-26T16:42:50:   throw err;
2025-10-26T16:42:50:   ^
2025-10-26T16:42:50: 
2025-10-26T16:42:50: Error: Cannot find module '/home/tutorbuddy/htdocs/tutorbuddy.co/aitutor/.next/standalone/server.js'
2025-10-26T16:42:50:     at Module._resolveFilename (node:internal/modules/cjs/loader:1207:15)
2025-10-26T16:42:50:     at Module._load (node:internal/modules/cjs/loader:1038:27)
2025-10-26T16:42:50:     at Function.executeUserEntryPoint [as runMain] (node:internal/modules/run_main:164:12)
2025-10-26T16:42:50:     at node:internal/main/run_main_module:28:49 {
2025-10-26T16:42:50:   code: 'MODULE_NOT_FOUND',
2025-10-26T16:42:50:   requireStack: []
2025-10-26T16:42:50: }
2025-10-26T16:42:50: 
2025-10-26T16:42:50: Node.js v20.19.5
2025-10-26T16:42:50: node:internal/modules/cjs/loader:1210
2025-10-26T16:42:50:   throw err;
2025-10-26T16:42:50:   ^
2025-10-26T16:42:50: 
2025-10-26T16:42:50: Error: Cannot find module '/home/tutorbuddy/htdocs/tutorbuddy.co/aitutor/.next/standalone/server.js'
2025-10-26T16:42:50:     at Module._resolveFilename (node:internal/modules/cjs/loader:1207:15)
2025-10-26T16:42:50:     at Module._load (node:internal/modules/cjs/loader:1038:27)
2025-10-26T16:42:50:     at Function.executeUserEntryPoint [as runMain] (node:internal/modules/run_main:164:12)
2025-10-26T16:42:50:     at node:internal/main/run_main_module:28:49 {
2025-10-26T16:42:50:   code: 'MODULE_NOT_FOUND',
2025-10-26T16:42:50:   requireStack: []
2025-10-26T16:42:50: }
2025-10-26T16:42:50: 
2025-10-26T16:42:50: Node.js v20.19.5
